<?xml version="1.0" encoding="UTF-8"?>
<!-- Generated by org.testng.reporters.JUnitXMLReporter -->
<testsuite hostname="NISHA-PC" ignored="0" name="Default test" tests="1" failures="1" timestamp="06 Jan 2018 08:46:09 GMT" time="58.587" errors="0">
  <testcase name="loginTest" time="58.381" classname="gitTest.GitTest">
    <failure type="org.openqa.selenium.WebDriverException" message="Failed to connect to binary FirefoxBinary(C:\Program Files\Mozilla Firefox\firefox.exe) on port 7055; process output follows: 
c/1.0&amp;quot;,&amp;quot;updateURL&amp;quot;:null,&amp;quot;updateKey&amp;quot;:null,&amp;quot;optionsURL&amp;quot;:null,&amp;quot;optionsType&amp;quot;:null,&amp;quot;aboutURL&amp;quot;:null,&amp;quot;icons&amp;quot;:{&amp;quot;32&amp;quot;:&amp;quot;icon.png&amp;quot;,&amp;quot;48&amp;quot;:&amp;quot;icon.png&amp;quot;},&amp;quot;iconURL&amp;quot;:null,&amp;quot;icon64URL&amp;quot;:null,&amp;quot;defaultLocale&amp;quot;:{&amp;quot;name&amp;quot;:&amp;quot;Default&amp;quot;,&amp;quot;description&amp;quot;:&amp;quot;The default theme.&amp;quot;,&amp;quot;creator&amp;quot;:&amp;quot;Mozilla&amp;quot;,&amp;quot;homepageURL&amp;quot;:null,&amp;quot;contributors&amp;quot;:[&amp;quot;Mozilla Contributors&amp;quot;]},&amp;quot;visible&amp;quot;:true,&amp;quot;active&amp;quot;:true,&amp;quot;userDisabled&amp;quot;:false,&amp;quot;appDisabled&amp;quot;:false,&amp;quot;descriptor&amp;quot;:&amp;quot;C:\\Program Files\\Mozilla Firefox\\browser\\extensions\\{972ce4c6-7e08-4474-a285-3208198ce6fd}.xpi&amp;quot;,&amp;quot;installDate&amp;quot;:1466734942000,&amp;quot;updateDate&amp;quot;:1466734942000,&amp;quot;applyBackgroundUpdates&amp;quot;:1,&amp;quot;skinnable&amp;quot;:true,&amp;quot;size&amp;quot;:22012,&amp;quot;sourceURI&amp;quot;:null,&amp;quot;releaseNotesURI&amp;quot;:null,&amp;quot;softDisabled&amp;quot;:false,&amp;quot;foreignInstall&amp;quot;:false,&amp;quot;hasBinaryComponents&amp;quot;:false,&amp;quot;strictCompatibility&amp;quot;:true,&amp;quot;locales&amp;quot;:[],&amp;quot;targetApplications&amp;quot;:[{&amp;quot;id&amp;quot;:&amp;quot;{ec8030f7-c20a-464f-9b0e-13a3a9e97384}&amp;quot;,&amp;quot;minVersion&amp;quot;:&amp;quot;47.0.1&amp;quot;,&amp;quot;maxVersion&amp;quot;:&amp;quot;47.0.1&amp;quot;}],&amp;quot;targetPlatforms&amp;quot;:[],&amp;quot;seen&amp;quot;:true}
1515228324971	addons.xpi	DEBUG	getModTime: Recursive scan of {972ce4c6-7e08-4474-a285-3208198ce6fd}
1515228324975	DeferredSave.extensions.json	DEBUG	Save changes
1515228324975	addons.xpi	DEBUG	Updating database with changes to installed add-ons
1515228324975	addons.xpi-utils	DEBUG	Updating add-on states
1515228324978	addons.xpi-utils	DEBUG	Writing add-ons list
1515228324989	addons.xpi	DEBUG	Registering manifest for C:\Program Files\Mozilla Firefox\browser\features\e10srollout@mozilla.org.xpi
1515228324991	addons.xpi	DEBUG	Calling bootstrap method startup on e10srollout@mozilla.org version 1.0
1515228324991	addons.xpi	DEBUG	Registering manifest for C:\Program Files\Mozilla Firefox\browser\features\firefox@getpocket.com.xpi
1515228324993	addons.xpi	DEBUG	Calling bootstrap method startup on firefox@getpocket.com version 1.0.2
1515228324996	addons.xpi	DEBUG	Registering manifest for C:\Program Files\Mozilla Firefox\browser\features\loop@mozilla.org.xpi
1515228324998	addons.xpi	DEBUG	Calling bootstrap method startup on loop@mozilla.org version 1.3.2
1515228325066	addons.manager	DEBUG	Registering shutdown blocker for XPIProvider
1515228325067	addons.manager	DEBUG	Provider finished startup: XPIProvider
1515228325067	addons.manager	DEBUG	Starting provider: LightweightThemeManager
1515228325068	addons.manager	DEBUG	Registering shutdown blocker for LightweightThemeManager
1515228325068	addons.manager	DEBUG	Provider finished startup: LightweightThemeManager
1515228325070	addons.manager	DEBUG	Starting provider: GMPProvider
1515228325090	addons.manager	DEBUG	Registering shutdown blocker for GMPProvider
1515228325091	addons.manager	DEBUG	Provider finished startup: GMPProvider
1515228325091	addons.manager	DEBUG	Starting provider: PluginProvider
1515228325092	addons.manager	DEBUG	Registering shutdown blocker for PluginProvider
1515228325092	addons.manager	DEBUG	Provider finished startup: PluginProvider
1515228325094	addons.manager	DEBUG	Completed startup sequence
1515228327954	addons.manager	DEBUG	Starting provider: &amp;lt;unnamed-provider&amp;gt;
1515228327954	addons.manager	DEBUG	Registering shutdown blocker for &amp;lt;unnamed-provider&amp;gt;
1515228327955	addons.manager	DEBUG	Provider finished startup: &amp;lt;unnamed-provider&amp;gt;
1515228329500	DeferredSave.extensions.json	DEBUG	Write succeeded
1515228329501	addons.xpi-utils	DEBUG	XPI Database saved, setting schema version preference to 17
1515228329501	DeferredSave.extensions.json	DEBUG	Starting timer
1515228329542	DeferredSave.extensions.json	DEBUG	Starting write
1515228329546	addons.repository	DEBUG	No addons.json found.
1515228329547	DeferredSave.addons.json	DEBUG	Save changes
1515228329571	DeferredSave.addons.json	DEBUG	Starting timer
1515228329704	addons.manager	DEBUG	Starting provider: PreviousExperimentProvider
1515228329704	addons.manager	DEBUG	Registering shutdown blocker for PreviousExperimentProvider
1515228329704	addons.manager	DEBUG	Provider finished startup: PreviousExperimentProvider
1515228329710	DeferredSave.addons.json	DEBUG	Starting write
1515228329762	DeferredSave.extensions.json	DEBUG	Write succeeded
1515228329798	DeferredSave.addons.json	DEBUG	Write succeeded

Build info: version: &amp;apos;2.53.0&amp;apos;, revision: &amp;apos;35ae25b1534ae328c771e0856c93e187490ca824&amp;apos;, time: &amp;apos;2016-03-15 10:43:46&amp;apos;
System info: host: &amp;apos;NISHA-PC&amp;apos;, ip: &amp;apos;192.168.0.109&amp;apos;, os.name: &amp;apos;Windows 7&amp;apos;, os.arch: &amp;apos;x86&amp;apos;, os.version: &amp;apos;6.1&amp;apos;, java.version: &amp;apos;1.8.0_40&amp;apos;
Driver info: driver.version: FirefoxDriver">
      <![CDATA[org.openqa.selenium.WebDriverException: Failed to connect to binary FirefoxBinary(C:\Program Files\Mozilla Firefox\firefox.exe) on port 7055; process output follows: c/1.0","updateURL":null,"updateKey":null,"optionsURL":null,"optionsType":null,"aboutURL":null,"icons":{"32":"icon.png","48":"icon.png"},"iconURL":null,"icon64URL":null,"defaultLocale":{"name":"Default","description":"The default theme.","creator":"Mozilla","homepageURL":null,"contributors":["Mozilla Contributors"]},"visible":true,"active":true,"userDisabled":false,"appDisabled":false,"descriptor":"C:\\Program Files\\Mozilla Firefox\\browser\\extensions\\{972ce4c6-7e08-4474-a285-3208198ce6fd}.xpi","installDate":1466734942000,"updateDate":1466734942000,"applyBackgroundUpdates":1,"skinnable":true,"size":22012,"sourceURI":null,"releaseNotesURI":null,"softDisabled":false,"foreignInstall":false,"hasBinaryComponents":false,"strictCompatibility":true,"locales":[],"targetApplications":[{"id":"{ec8030f7-c20a-464f-9b0e-13a3a9e97384}","minVersion":"47.0.1","maxVersion":"47.0.1"}],"targetPlatforms":[],"seen":true}1515228324971addons.xpiDEBUGgetModTime: Recursive scan of {972ce4c6-7e08-4474-a285-3208198ce6fd}1515228324975DeferredSave.extensions.jsonDEBUGSave changes1515228324975addons.xpiDEBUGUpdating database with changes to installed add-ons1515228324975addons.xpi-utilsDEBUGUpdating add-on states1515228324978addons.xpi-utilsDEBUGWriting add-ons list1515228324989addons.xpiDEBUGRegistering manifest for C:\Program Files\Mozilla Firefox\browser\features\e10srollout@mozilla.org.xpi1515228324991addons.xpiDEBUGCalling bootstrap method startup on e10srollout@mozilla.org version 1.01515228324991addons.xpiDEBUGRegistering manifest for C:\Program Files\Mozilla Firefox\browser\features\firefox@getpocket.com.xpi1515228324993addons.xpiDEBUGCalling bootstrap method startup on firefox@getpocket.com version 1.0.21515228324996addons.xpiDEBUGRegistering manifest for C:\Program Files\Mozilla Firefox\browser\features\loop@mozilla.org.xpi1515228324998addons.xpiDEBUGCalling bootstrap method startup on loop@mozilla.org version 1.3.21515228325066addons.managerDEBUGRegistering shutdown blocker for XPIProvider1515228325067addons.managerDEBUGProvider finished startup: XPIProvider1515228325067addons.managerDEBUGStarting provider: LightweightThemeManager1515228325068addons.managerDEBUGRegistering shutdown blocker for LightweightThemeManager1515228325068addons.managerDEBUGProvider finished startup: LightweightThemeManager1515228325070addons.managerDEBUGStarting provider: GMPProvider1515228325090addons.managerDEBUGRegistering shutdown blocker for GMPProvider1515228325091addons.managerDEBUGProvider finished startup: GMPProvider1515228325091addons.managerDEBUGStarting provider: PluginProvider1515228325092addons.managerDEBUGRegistering shutdown blocker for PluginProvider1515228325092addons.managerDEBUGProvider finished startup: PluginProvider1515228325094addons.managerDEBUGCompleted startup sequence1515228327954addons.managerDEBUGStarting provider: <unnamed-provider>1515228327954addons.managerDEBUGRegistering shutdown blocker for <unnamed-provider>1515228327955addons.managerDEBUGProvider finished startup: <unnamed-provider>1515228329500DeferredSave.extensions.jsonDEBUGWrite succeeded1515228329501addons.xpi-utilsDEBUGXPI Database saved, setting schema version preference to 171515228329501DeferredSave.extensions.jsonDEBUGStarting timer1515228329542DeferredSave.extensions.jsonDEBUGStarting write1515228329546addons.repositoryDEBUGNo addons.json found.1515228329547DeferredSave.addons.jsonDEBUGSave changes1515228329571DeferredSave.addons.jsonDEBUGStarting timer1515228329704addons.managerDEBUGStarting provider: PreviousExperimentProvider1515228329704addons.managerDEBUGRegistering shutdown blocker for PreviousExperimentProvider1515228329704addons.managerDEBUGProvider finished startup: PreviousExperimentProvider1515228329710DeferredSave.addons.jsonDEBUGStarting write1515228329762DeferredSave.extensions.jsonDEBUGWrite succeeded1515228329798DeferredSave.addons.jsonDEBUGWrite succeededBuild info: version: '2.53.0', revision: '35ae25b1534ae328c771e0856c93e187490ca824', time: '2016-03-15 10:43:46'System info: host: 'NISHA-PC', ip: '192.168.0.109', os.name: 'Windows 7', os.arch: 'x86', os.version: '6.1', java.version: '1.8.0_40'Driver info: driver.version: FirefoxDriverat org.openqa.selenium.firefox.internal.NewProfileExtensionConnection.start(NewProfileExtensionConnection.java:125)at org.openqa.selenium.firefox.FirefoxDriver.startClient(FirefoxDriver.java:271)at org.openqa.selenium.remote.RemoteWebDriver.<init>(RemoteWebDriver.java:119)at org.openqa.selenium.firefox.FirefoxDriver.<init>(FirefoxDriver.java:216)at org.openqa.selenium.firefox.FirefoxDriver.<init>(FirefoxDriver.java:211)at org.openqa.selenium.firefox.FirefoxDriver.<init>(FirefoxDriver.java:207)at org.openqa.selenium.firefox.FirefoxDriver.<init>(FirefoxDriver.java:120)at gitTest.GitTest.loginTest(GitTest.java:16)at sun.reflect.NativeMethodAccessorImpl.invoke0(Native Method)at sun.reflect.NativeMethodAccessorImpl.invoke(Unknown Source)at sun.reflect.DelegatingMethodAccessorImpl.invoke(Unknown Source)at java.lang.reflect.Method.invoke(Unknown Source)at org.testng.internal.MethodInvocationHelper.invokeMethod(MethodInvocationHelper.java:124)at org.testng.internal.Invoker.invokeMethod(Invoker.java:571)at org.testng.internal.Invoker.invokeTestMethod(Invoker.java:707)at org.testng.internal.Invoker.invokeTestMethods(Invoker.java:979)at org.testng.internal.TestMethodWorker.invokeTestMethods(TestMethodWorker.java:125)at org.testng.internal.TestMethodWorker.run(TestMethodWorker.java:109)at org.testng.TestRunner.privateRun(TestRunner.java:648)at org.testng.TestRunner.run(TestRunner.java:505)at org.testng.SuiteRunner.runTest(SuiteRunner.java:455)at org.testng.SuiteRunner.runSequentially(SuiteRunner.java:450)at org.testng.SuiteRunner.privateRun(SuiteRunner.java:415)at org.testng.SuiteRunner.run(SuiteRunner.java:364)at org.testng.SuiteRunnerWorker.runSuite(SuiteRunnerWorker.java:52)at org.testng.SuiteRunnerWorker.run(SuiteRunnerWorker.java:84)at org.testng.TestNG.runSuitesSequentially(TestNG.java:1187)at org.testng.TestNG.runSuitesLocally(TestNG.java:1116)at org.testng.TestNG.runSuites(TestNG.java:1028)at org.testng.TestNG.run(TestNG.java:996)at org.testng.remote.AbstractRemoteTestNG.run(AbstractRemoteTestNG.java:114)at org.testng.remote.RemoteTestNG.initAndRun(RemoteTestNG.java:251)at org.testng.remote.RemoteTestNG.main(RemoteTestNG.java:77)Caused by: org.openqa.selenium.firefox.NotConnectedException: Unable to connect to host 127.0.0.1 on port 7055 after 45000 ms. Firefox console output:c/1.0","updateURL":null,"updateKey":null,"optionsURL":null,"optionsType":null,"aboutURL":null,"icons":{"32":"icon.png","48":"icon.png"},"iconURL":null,"icon64URL":null,"defaultLocale":{"name":"Default","description":"The default theme.","creator":"Mozilla","homepageURL":null,"contributors":["Mozilla Contributors"]},"visible":true,"active":true,"userDisabled":false,"appDisabled":false,"descriptor":"C:\\Program Files\\Mozilla Firefox\\browser\\extensions\\{972ce4c6-7e08-4474-a285-3208198ce6fd}.xpi","installDate":1466734942000,"updateDate":1466734942000,"applyBackgroundUpdates":1,"skinnable":true,"size":22012,"sourceURI":null,"releaseNotesURI":null,"softDisabled":false,"foreignInstall":false,"hasBinaryComponents":false,"strictCompatibility":true,"locales":[],"targetApplications":[{"id":"{ec8030f7-c20a-464f-9b0e-13a3a9e97384}","minVersion":"47.0.1","maxVersion":"47.0.1"}],"targetPlatforms":[],"seen":true}1515228324971addons.xpiDEBUGgetModTime: Recursive scan of {972ce4c6-7e08-4474-a285-3208198ce6fd}1515228324975DeferredSave.extensions.jsonDEBUGSave changes1515228324975addons.xpiDEBUGUpdating database with changes to installed add-ons1515228324975addons.xpi-utilsDEBUGUpdating add-on states1515228324978addons.xpi-utilsDEBUGWriting add-ons list1515228324989addons.xpiDEBUGRegistering manifest for C:\Program Files\Mozilla Firefox\browser\features\e10srollout@mozilla.org.xpi1515228324991addons.xpiDEBUGCalling bootstrap method startup on e10srollout@mozilla.org version 1.01515228324991addons.xpiDEBUGRegistering manifest for C:\Program Files\Mozilla Firefox\browser\features\firefox@getpocket.com.xpi1515228324993addons.xpiDEBUGCalling bootstrap method startup on firefox@getpocket.com version 1.0.21515228324996addons.xpiDEBUGRegistering manifest for C:\Program Files\Mozilla Firefox\browser\features\loop@mozilla.org.xpi1515228324998addons.xpiDEBUGCalling bootstrap method startup on loop@mozilla.org version 1.3.21515228325066addons.managerDEBUGRegistering shutdown blocker for XPIProvider1515228325067addons.managerDEBUGProvider finished startup: XPIProvider1515228325067addons.managerDEBUGStarting provider: LightweightThemeManager1515228325068addons.managerDEBUGRegistering shutdown blocker for LightweightThemeManager1515228325068addons.managerDEBUGProvider finished startup: LightweightThemeManager1515228325070addons.managerDEBUGStarting provider: GMPProvider1515228325090addons.managerDEBUGRegistering shutdown blocker for GMPProvider1515228325091addons.managerDEBUGProvider finished startup: GMPProvider1515228325091addons.managerDEBUGStarting provider: PluginProvider1515228325092addons.managerDEBUGRegistering shutdown blocker for PluginProvider1515228325092addons.managerDEBUGProvider finished startup: PluginProvider1515228325094addons.managerDEBUGCompleted startup sequence1515228327954addons.managerDEBUGStarting provider: <unnamed-provider>1515228327954addons.managerDEBUGRegistering shutdown blocker for <unnamed-provider>1515228327955addons.managerDEBUGProvider finished startup: <unnamed-provider>1515228329500DeferredSave.extensions.jsonDEBUGWrite succeeded1515228329501addons.xpi-utilsDEBUGXPI Database saved, setting schema version preference to 171515228329501DeferredSave.extensions.jsonDEBUGStarting timer1515228329542DeferredSave.extensions.jsonDEBUGStarting write1515228329546addons.repositoryDEBUGNo addons.json found.1515228329547DeferredSave.addons.jsonDEBUGSave changes1515228329571DeferredSave.addons.jsonDEBUGStarting timer1515228329704addons.managerDEBUGStarting provider: PreviousExperimentProvider1515228329704addons.managerDEBUGRegistering shutdown blocker for PreviousExperimentProvider1515228329704addons.managerDEBUGProvider finished startup: PreviousExperimentProvider1515228329710DeferredSave.addons.jsonDEBUGStarting write1515228329762DeferredSave.extensions.jsonDEBUGWrite succeeded1515228329798DeferredSave.addons.jsonDEBUGWrite succeededat org.openqa.selenium.firefox.internal.NewProfileExtensionConnection.start(NewProfileExtensionConnection.java:113)... 32 more]]>
    </failure>
  </testcase> <!-- loginTest -->
</testsuite> <!-- Default test -->
