<?xml version="1.0" encoding="UTF-8"?>
<testng-results skipped="0" failed="1" ignored="0" total="1" passed="0">
  <reporter-output>
  </reporter-output>
  <suite name="Default suite" duration-ms="58587" started-at="2018-01-06T08:45:10Z" finished-at="2018-01-06T08:46:09Z">
    <groups>
    </groups>
    <test name="Default test" duration-ms="58587" started-at="2018-01-06T08:45:10Z" finished-at="2018-01-06T08:46:09Z">
      <class name="gitTest.GitTest">
        <test-method status="FAIL" signature="loginTest()[pri:0, instance:gitTest.GitTest@c285f4]" name="loginTest" duration-ms="58381" started-at="2018-01-06T14:15:10Z" finished-at="2018-01-06T14:16:09Z">
          <exception class="org.openqa.selenium.WebDriverException">
            <message>
              <![CDATA[Failed to connect to binary FirefoxBinary(C:\Program Files\Mozilla Firefox\firefox.exe) on port 7055; process output follows: c/1.0","updateURL":null,"updateKey":null,"optionsURL":null,"optionsType":null,"aboutURL":null,"icons":{"32":"icon.png","48":"icon.png"},"iconURL":null,"icon64URL":null,"defaultLocale":{"name":"Default","description":"The default theme.","creator":"Mozilla","homepageURL":null,"contributors":["Mozilla Contributors"]},"visible":true,"active":true,"userDisabled":false,"appDisabled":false,"descriptor":"C:\\Program Files\\Mozilla Firefox\\browser\\extensions\\{972ce4c6-7e08-4474-a285-3208198ce6fd}.xpi","installDate":1466734942000,"updateDate":1466734942000,"applyBackgroundUpdates":1,"skinnable":true,"size":22012,"sourceURI":null,"releaseNotesURI":null,"softDisabled":false,"foreignInstall":false,"hasBinaryComponents":false,"strictCompatibility":true,"locales":[],"targetApplications":[{"id":"{ec8030f7-c20a-464f-9b0e-13a3a9e97384}","minVersion":"47.0.1","maxVersion":"47.0.1"}],"targetPlatforms":[],"seen":true}1515228324971addons.xpiDEBUGgetModTime: Recursive scan of {972ce4c6-7e08-4474-a285-3208198ce6fd}1515228324975DeferredSave.extensions.jsonDEBUGSave changes1515228324975addons.xpiDEBUGUpdating database with changes to installed add-ons1515228324975addons.xpi-utilsDEBUGUpdating add-on states1515228324978addons.xpi-utilsDEBUGWriting add-ons list1515228324989addons.xpiDEBUGRegistering manifest for C:\Program Files\Mozilla Firefox\browser\features\e10srollout@mozilla.org.xpi1515228324991addons.xpiDEBUGCalling bootstrap method startup on e10srollout@mozilla.org version 1.01515228324991addons.xpiDEBUGRegistering manifest for C:\Program Files\Mozilla Firefox\browser\features\firefox@getpocket.com.xpi1515228324993addons.xpiDEBUGCalling bootstrap method startup on firefox@getpocket.com version 1.0.21515228324996addons.xpiDEBUGRegistering manifest for C:\Program Files\Mozilla Firefox\browser\features\loop@mozilla.org.xpi1515228324998addons.xpiDEBUGCalling bootstrap method startup on loop@mozilla.org version 1.3.21515228325066addons.managerDEBUGRegistering shutdown blocker for XPIProvider1515228325067addons.managerDEBUGProvider finished startup: XPIProvider1515228325067addons.managerDEBUGStarting provider: LightweightThemeManager1515228325068addons.managerDEBUGRegistering shutdown blocker for LightweightThemeManager1515228325068addons.managerDEBUGProvider finished startup: LightweightThemeManager1515228325070addons.managerDEBUGStarting provider: GMPProvider1515228325090addons.managerDEBUGRegistering shutdown blocker for GMPProvider1515228325091addons.managerDEBUGProvider finished startup: GMPProvider1515228325091addons.managerDEBUGStarting provider: PluginProvider1515228325092addons.managerDEBUGRegistering shutdown blocker for PluginProvider1515228325092addons.managerDEBUGProvider finished startup: PluginProvider1515228325094addons.managerDEBUGCompleted startup sequence1515228327954addons.managerDEBUGStarting provider: <unnamed-provider>1515228327954addons.managerDEBUGRegistering shutdown blocker for <unnamed-provider>1515228327955addons.managerDEBUGProvider finished startup: <unnamed-provider>1515228329500DeferredSave.extensions.jsonDEBUGWrite succeeded1515228329501addons.xpi-utilsDEBUGXPI Database saved, setting schema version preference to 171515228329501DeferredSave.extensions.jsonDEBUGStarting timer1515228329542DeferredSave.extensions.jsonDEBUGStarting write1515228329546addons.repositoryDEBUGNo addons.json found.1515228329547DeferredSave.addons.jsonDEBUGSave changes1515228329571DeferredSave.addons.jsonDEBUGStarting timer1515228329704addons.managerDEBUGStarting provider: PreviousExperimentProvider1515228329704addons.managerDEBUGRegistering shutdown blocker for PreviousExperimentProvider1515228329704addons.managerDEBUGProvider finished startup: PreviousExperimentProvider1515228329710DeferredSave.addons.jsonDEBUGStarting write1515228329762DeferredSave.extensions.jsonDEBUGWrite succeeded1515228329798DeferredSave.addons.jsonDEBUGWrite succeededBuild info: version: '2.53.0', revision: '35ae25b1534ae328c771e0856c93e187490ca824', time: '2016-03-15 10:43:46'System info: host: 'NISHA-PC', ip: '192.168.0.109', os.name: 'Windows 7', os.arch: 'x86', os.version: '6.1', java.version: '1.8.0_40'Driver info: driver.version: FirefoxDriver]]>
            </message>
            <full-stacktrace>
              <![CDATA[org.openqa.selenium.WebDriverException: Failed to connect to binary FirefoxBinary(C:\Program Files\Mozilla Firefox\firefox.exe) on port 7055; process output follows: c/1.0","updateURL":null,"updateKey":null,"optionsURL":null,"optionsType":null,"aboutURL":null,"icons":{"32":"icon.png","48":"icon.png"},"iconURL":null,"icon64URL":null,"defaultLocale":{"name":"Default","description":"The default theme.","creator":"Mozilla","homepageURL":null,"contributors":["Mozilla Contributors"]},"visible":true,"active":true,"userDisabled":false,"appDisabled":false,"descriptor":"C:\\Program Files\\Mozilla Firefox\\browser\\extensions\\{972ce4c6-7e08-4474-a285-3208198ce6fd}.xpi","installDate":1466734942000,"updateDate":1466734942000,"applyBackgroundUpdates":1,"skinnable":true,"size":22012,"sourceURI":null,"releaseNotesURI":null,"softDisabled":false,"foreignInstall":false,"hasBinaryComponents":false,"strictCompatibility":true,"locales":[],"targetApplications":[{"id":"{ec8030f7-c20a-464f-9b0e-13a3a9e97384}","minVersion":"47.0.1","maxVersion":"47.0.1"}],"targetPlatforms":[],"seen":true}1515228324971addons.xpiDEBUGgetModTime: Recursive scan of {972ce4c6-7e08-4474-a285-3208198ce6fd}1515228324975DeferredSave.extensions.jsonDEBUGSave changes1515228324975addons.xpiDEBUGUpdating database with changes to installed add-ons1515228324975addons.xpi-utilsDEBUGUpdating add-on states1515228324978addons.xpi-utilsDEBUGWriting add-ons list1515228324989addons.xpiDEBUGRegistering manifest for C:\Program Files\Mozilla Firefox\browser\features\e10srollout@mozilla.org.xpi1515228324991addons.xpiDEBUGCalling bootstrap method startup on e10srollout@mozilla.org version 1.01515228324991addons.xpiDEBUGRegistering manifest for C:\Program Files\Mozilla Firefox\browser\features\firefox@getpocket.com.xpi1515228324993addons.xpiDEBUGCalling bootstrap method startup on firefox@getpocket.com version 1.0.21515228324996addons.xpiDEBUGRegistering manifest for C:\Program Files\Mozilla Firefox\browser\features\loop@mozilla.org.xpi1515228324998addons.xpiDEBUGCalling bootstrap method startup on loop@mozilla.org version 1.3.21515228325066addons.managerDEBUGRegistering shutdown blocker for XPIProvider1515228325067addons.managerDEBUGProvider finished startup: XPIProvider1515228325067addons.managerDEBUGStarting provider: LightweightThemeManager1515228325068addons.managerDEBUGRegistering shutdown blocker for LightweightThemeManager1515228325068addons.managerDEBUGProvider finished startup: LightweightThemeManager1515228325070addons.managerDEBUGStarting provider: GMPProvider1515228325090addons.managerDEBUGRegistering shutdown blocker for GMPProvider1515228325091addons.managerDEBUGProvider finished startup: GMPProvider1515228325091addons.managerDEBUGStarting provider: PluginProvider1515228325092addons.managerDEBUGRegistering shutdown blocker for PluginProvider1515228325092addons.managerDEBUGProvider finished startup: PluginProvider1515228325094addons.managerDEBUGCompleted startup sequence1515228327954addons.managerDEBUGStarting provider: <unnamed-provider>1515228327954addons.managerDEBUGRegistering shutdown blocker for <unnamed-provider>1515228327955addons.managerDEBUGProvider finished startup: <unnamed-provider>1515228329500DeferredSave.extensions.jsonDEBUGWrite succeeded1515228329501addons.xpi-utilsDEBUGXPI Database saved, setting schema version preference to 171515228329501DeferredSave.extensions.jsonDEBUGStarting timer1515228329542DeferredSave.extensions.jsonDEBUGStarting write1515228329546addons.repositoryDEBUGNo addons.json found.1515228329547DeferredSave.addons.jsonDEBUGSave changes1515228329571DeferredSave.addons.jsonDEBUGStarting timer1515228329704addons.managerDEBUGStarting provider: PreviousExperimentProvider1515228329704addons.managerDEBUGRegistering shutdown blocker for PreviousExperimentProvider1515228329704addons.managerDEBUGProvider finished startup: PreviousExperimentProvider1515228329710DeferredSave.addons.jsonDEBUGStarting write1515228329762DeferredSave.extensions.jsonDEBUGWrite succeeded1515228329798DeferredSave.addons.jsonDEBUGWrite succeededBuild info: version: '2.53.0', revision: '35ae25b1534ae328c771e0856c93e187490ca824', time: '2016-03-15 10:43:46'System info: host: 'NISHA-PC', ip: '192.168.0.109', os.name: 'Windows 7', os.arch: 'x86', os.version: '6.1', java.version: '1.8.0_40'Driver info: driver.version: FirefoxDriverat org.openqa.selenium.firefox.internal.NewProfileExtensionConnection.start(NewProfileExtensionConnection.java:125)at org.openqa.selenium.firefox.FirefoxDriver.startClient(FirefoxDriver.java:271)at org.openqa.selenium.remote.RemoteWebDriver.<init>(RemoteWebDriver.java:119)at org.openqa.selenium.firefox.FirefoxDriver.<init>(FirefoxDriver.java:216)at org.openqa.selenium.firefox.FirefoxDriver.<init>(FirefoxDriver.java:211)at org.openqa.selenium.firefox.FirefoxDriver.<init>(FirefoxDriver.java:207)at org.openqa.selenium.firefox.FirefoxDriver.<init>(FirefoxDriver.java:120)at gitTest.GitTest.loginTest(GitTest.java:16)at sun.reflect.NativeMethodAccessorImpl.invoke0(Native Method)at sun.reflect.NativeMethodAccessorImpl.invoke(Unknown Source)at sun.reflect.DelegatingMethodAccessorImpl.invoke(Unknown Source)at java.lang.reflect.Method.invoke(Unknown Source)at org.testng.internal.MethodInvocationHelper.invokeMethod(MethodInvocationHelper.java:124)at org.testng.internal.Invoker.invokeMethod(Invoker.java:571)at org.testng.internal.Invoker.invokeTestMethod(Invoker.java:707)at org.testng.internal.Invoker.invokeTestMethods(Invoker.java:979)at org.testng.internal.TestMethodWorker.invokeTestMethods(TestMethodWorker.java:125)at org.testng.internal.TestMethodWorker.run(TestMethodWorker.java:109)at org.testng.TestRunner.privateRun(TestRunner.java:648)at org.testng.TestRunner.run(TestRunner.java:505)at org.testng.SuiteRunner.runTest(SuiteRunner.java:455)at org.testng.SuiteRunner.runSequentially(SuiteRunner.java:450)at org.testng.SuiteRunner.privateRun(SuiteRunner.java:415)at org.testng.SuiteRunner.run(SuiteRunner.java:364)at org.testng.SuiteRunnerWorker.runSuite(SuiteRunnerWorker.java:52)at org.testng.SuiteRunnerWorker.run(SuiteRunnerWorker.java:84)at org.testng.TestNG.runSuitesSequentially(TestNG.java:1187)at org.testng.TestNG.runSuitesLocally(TestNG.java:1116)at org.testng.TestNG.runSuites(TestNG.java:1028)at org.testng.TestNG.run(TestNG.java:996)at org.testng.remote.AbstractRemoteTestNG.run(AbstractRemoteTestNG.java:114)at org.testng.remote.RemoteTestNG.initAndRun(RemoteTestNG.java:251)at org.testng.remote.RemoteTestNG.main(RemoteTestNG.java:77)Caused by: org.openqa.selenium.firefox.NotConnectedException: Unable to connect to host 127.0.0.1 on port 7055 after 45000 ms. Firefox console output:c/1.0","updateURL":null,"updateKey":null,"optionsURL":null,"optionsType":null,"aboutURL":null,"icons":{"32":"icon.png","48":"icon.png"},"iconURL":null,"icon64URL":null,"defaultLocale":{"name":"Default","description":"The default theme.","creator":"Mozilla","homepageURL":null,"contributors":["Mozilla Contributors"]},"visible":true,"active":true,"userDisabled":false,"appDisabled":false,"descriptor":"C:\\Program Files\\Mozilla Firefox\\browser\\extensions\\{972ce4c6-7e08-4474-a285-3208198ce6fd}.xpi","installDate":1466734942000,"updateDate":1466734942000,"applyBackgroundUpdates":1,"skinnable":true,"size":22012,"sourceURI":null,"releaseNotesURI":null,"softDisabled":false,"foreignInstall":false,"hasBinaryComponents":false,"strictCompatibility":true,"locales":[],"targetApplications":[{"id":"{ec8030f7-c20a-464f-9b0e-13a3a9e97384}","minVersion":"47.0.1","maxVersion":"47.0.1"}],"targetPlatforms":[],"seen":true}1515228324971addons.xpiDEBUGgetModTime: Recursive scan of {972ce4c6-7e08-4474-a285-3208198ce6fd}1515228324975DeferredSave.extensions.jsonDEBUGSave changes1515228324975addons.xpiDEBUGUpdating database with changes to installed add-ons1515228324975addons.xpi-utilsDEBUGUpdating add-on states1515228324978addons.xpi-utilsDEBUGWriting add-ons list1515228324989addons.xpiDEBUGRegistering manifest for C:\Program Files\Mozilla Firefox\browser\features\e10srollout@mozilla.org.xpi1515228324991addons.xpiDEBUGCalling bootstrap method startup on e10srollout@mozilla.org version 1.01515228324991addons.xpiDEBUGRegistering manifest for C:\Program Files\Mozilla Firefox\browser\features\firefox@getpocket.com.xpi1515228324993addons.xpiDEBUGCalling bootstrap method startup on firefox@getpocket.com version 1.0.21515228324996addons.xpiDEBUGRegistering manifest for C:\Program Files\Mozilla Firefox\browser\features\loop@mozilla.org.xpi1515228324998addons.xpiDEBUGCalling bootstrap method startup on loop@mozilla.org version 1.3.21515228325066addons.managerDEBUGRegistering shutdown blocker for XPIProvider1515228325067addons.managerDEBUGProvider finished startup: XPIProvider1515228325067addons.managerDEBUGStarting provider: LightweightThemeManager1515228325068addons.managerDEBUGRegistering shutdown blocker for LightweightThemeManager1515228325068addons.managerDEBUGProvider finished startup: LightweightThemeManager1515228325070addons.managerDEBUGStarting provider: GMPProvider1515228325090addons.managerDEBUGRegistering shutdown blocker for GMPProvider1515228325091addons.managerDEBUGProvider finished startup: GMPProvider1515228325091addons.managerDEBUGStarting provider: PluginProvider1515228325092addons.managerDEBUGRegistering shutdown blocker for PluginProvider1515228325092addons.managerDEBUGProvider finished startup: PluginProvider1515228325094addons.managerDEBUGCompleted startup sequence1515228327954addons.managerDEBUGStarting provider: <unnamed-provider>1515228327954addons.managerDEBUGRegistering shutdown blocker for <unnamed-provider>1515228327955addons.managerDEBUGProvider finished startup: <unnamed-provider>1515228329500DeferredSave.extensions.jsonDEBUGWrite succeeded1515228329501addons.xpi-utilsDEBUGXPI Database saved, setting schema version preference to 171515228329501DeferredSave.extensions.jsonDEBUGStarting timer1515228329542DeferredSave.extensions.jsonDEBUGStarting write1515228329546addons.repositoryDEBUGNo addons.json found.1515228329547DeferredSave.addons.jsonDEBUGSave changes1515228329571DeferredSave.addons.jsonDEBUGStarting timer1515228329704addons.managerDEBUGStarting provider: PreviousExperimentProvider1515228329704addons.managerDEBUGRegistering shutdown blocker for PreviousExperimentProvider1515228329704addons.managerDEBUGProvider finished startup: PreviousExperimentProvider1515228329710DeferredSave.addons.jsonDEBUGStarting write1515228329762DeferredSave.extensions.jsonDEBUGWrite succeeded1515228329798DeferredSave.addons.jsonDEBUGWrite succeededat org.openqa.selenium.firefox.internal.NewProfileExtensionConnection.start(NewProfileExtensionConnection.java:113)... 32 more]]>
            </full-stacktrace>
          </exception> <!-- org.openqa.selenium.WebDriverException -->
          <reporter-output>
          </reporter-output>
        </test-method> <!-- loginTest -->
      </class> <!-- gitTest.GitTest -->
    </test> <!-- Default test -->
  </suite> <!-- Default suite -->
</testng-results>
